<?xml version="1.0" encoding="UTF-8"?>
<testng-results ignored="0" total="1" passed="1" failed="0" skipped="0">
  <reporter-output>
  </reporter-output>
  <suite started-at="2022-06-15T19:21:31 IST" name="Default suite" finished-at="2022-06-15T19:22:10 IST" duration-ms="39530">
    <groups>
    </groups>
    <test started-at="2022-06-15T19:21:31 IST" name="Default test" finished-at="2022-06-15T19:22:10 IST" duration-ms="39530">
      <class name="Test.Test1">
        <test-method signature="test1()[pri:0, instance:Test.Test1@610f7aa]" started-at="2022-06-15T19:21:31 IST" name="test1" finished-at="2022-06-15T19:22:10 IST" duration-ms="39098" status="PASS">
          <reporter-output>
          </reporter-output>
        </test-method> <!-- test1 -->
        <test-method is-config="true" signature="closebrowser()[pri:0, instance:Test.Test1@610f7aa]" started-at="2022-06-15T19:22:10 IST" name="closebrowser" finished-at="2022-06-15T19:22:10 IST" duration-ms="387" status="PASS">
          <reporter-output>
          </reporter-output>
        </test-method> <!-- closebrowser -->
      </class> <!-- Test.Test1 -->
    </test> <!-- Default test -->
  </suite> <!-- Default suite -->
</testng-results>
